2009-06-27 19:28:55 Notice: Notice (8): Undefined index:  role_id in [CORE/cake/libs/model/datasources/dbo_source.php, line 845]
2009-06-27 19:28:55 Notice: Notice (8): Undefined index:  role_id in [CORE/cake/libs/model/datasources/dbo_source.php, line 847]
2009-06-27 19:33:17 Notice: Notice (8): Undefined index:  role_id in [CORE/cake/libs/model/datasources/dbo_source.php, line 845]
2009-06-27 19:33:17 Notice: Notice (8): Undefined index:  role_id in [CORE/cake/libs/model/datasources/dbo_source.php, line 847]
2009-06-27 19:34:09 Notice: Notice (8): Undefined index:  role_id in [CORE/cake/libs/model/datasources/dbo_source.php, line 845]
2009-06-27 19:34:09 Notice: Notice (8): Undefined index:  role_id in [CORE/cake/libs/model/datasources/dbo_source.php, line 847]
2009-06-27 19:36:00 Notice: Notice (8): Undefined index:  role_id in [CORE/cake/libs/model/datasources/dbo_source.php, line 845]
2009-06-27 19:36:00 Notice: Notice (8): Undefined index:  role_id in [CORE/cake/libs/model/datasources/dbo_source.php, line 847]
2009-06-27 19:37:29 Notice: Notice (8): Undefined index:  role_id in [CORE/cake/libs/model/datasources/dbo_source.php, line 845]
2009-06-27 19:37:29 Notice: Notice (8): Undefined index:  role_id in [CORE/cake/libs/model/datasources/dbo_source.php, line 847]
2009-07-12 18:19:21 Notice: Notice (8): Undefined property: UsersController::$Location in [APP/controllers/users_controller.php, line 131]
2009-07-12 18:24:20 Notice: Notice (8): Array to string conversion in [CORE/cake/libs/model/datasources/dbo_source.php, line 571]
2009-07-12 18:28:19 Notice: Notice (8): Array to string conversion in [CORE/cake/libs/model/datasources/dbo_source.php, line 571]
2009-07-12 18:30:49 Notice: Notice (8): Array to string conversion in [CORE/cake/libs/model/datasources/dbo_source.php, line 571]
2009-07-12 18:33:13 Notice: Notice (8): Array to string conversion in [CORE/cake/libs/model/datasources/dbo_source.php, line 571]
2009-07-12 18:34:15 Notice: Notice (8): Array to string conversion in [CORE/cake/libs/model/datasources/dbo_source.php, line 571]
2009-07-12 20:30:47 Notice: Notice (8): Undefined index:  Location in [APP/controllers/users_controller.php, line 157]
2009-07-12 20:30:47 Notice: Notice (8): Undefined index:  id in [APP/controllers/users_controller.php, line 159]
2009-07-12 20:30:47 Notice: Notice (8): Undefined index:  Location in [APP/controllers/users_controller.php, line 160]
2009-07-12 20:30:47 Notice: Notice (8): Array to string conversion in [CORE/cake/libs/model/datasources/dbo_source.php, line 571]
2009-07-12 20:35:23 Notice: Notice (8): Undefined index:  id in [APP/controllers/users_controller.php, line 159]
2009-07-12 20:35:23 Notice: Notice (8): Undefined index:  id in [APP/controllers/users_controller.php, line 160]
2009-07-12 20:35:23 Notice: Notice (8): Array to string conversion in [CORE/cake/libs/model/datasources/dbo_source.php, line 571]
2009-07-12 20:41:46 Notice: Notice (8): Array to string conversion in [CORE/cake/libs/model/datasources/dbo_source.php, line 571]
2009-07-12 20:41:46 Notice: Notice (8): Undefined index:  id in [APP/controllers/users_controller.php, line 160]
2009-07-12 22:01:35 Notice: Notice (8): Undefined index:  Location in [APP/controllers/users_controller.php, line 157]
2009-07-12 22:01:35 Notice: Notice (8): Undefined index:  Location in [APP/controllers/users_controller.php, line 160]
2009-07-12 22:08:03 Notice: Notice (8): Undefined index:  id in [APP/controllers/users_controller.php, line 161]
2009-07-12 22:10:37 Notice: Notice (8): Undefined index:  id in [APP/controllers/users_controller.php, line 161]
2009-07-13 17:01:56 Notice: Notice (8): Undefined index:  Role in [APP/controllers/users_controller.php, line 67]
2009-07-13 17:02:16 Notice: Notice (8): Undefined index:  Roles in [APP/controllers/users_controller.php, line 67]
2009-07-13 17:02:34 Notice: Notice (8): Undefined index:  Roles in [APP/controllers/users_controller.php, line 67]
2009-07-14 09:22:13 Notice: Notice (8): Undefined variable: limit in [APP/models/item.php, line 36]
2009-07-14 09:22:14 Notice: Notice (8): Undefined index:  Image in [APP/views/items/index.ctp, line 33]
2009-07-14 09:23:07 Notice: Notice (8): Undefined index:  Image in [APP/views/items/index.ctp, line 33]
2009-07-14 09:30:53 Notice: Notice (8): Undefined index:  remoteUser in [APP/models/item.php, line 24]
2009-07-14 09:30:53 Notice: Notice (8): Undefined index:  remoteUser in [APP/models/item.php, line 25]
2009-07-14 09:33:39 Notice: Notice (8): Undefined index:  remoteUser in [APP/models/item.php, line 24]
2009-07-14 09:33:39 Notice: Notice (8): Undefined index:  remoteUser in [APP/models/item.php, line 25]
2009-07-14 09:49:37 Notice: Notice (8): Undefined index:  remoteUser in [APP/models/item.php, line 24]
2009-07-14 09:49:37 Notice: Notice (8): Undefined index:  remoteUser in [APP/models/item.php, line 25]
2009-07-14 09:50:52 Notice: Notice (8): Undefined index:  remoteUser in [APP/models/item.php, line 24]
2009-07-14 09:50:52 Notice: Notice (8): Undefined index:  remoteUser in [APP/models/item.php, line 25]
2009-07-14 09:51:59 Notice: Notice (8): Undefined index:  remoteUser in [APP/models/item.php, line 24]
2009-07-14 09:51:59 Notice: Notice (8): Undefined index:  remoteUser in [APP/models/item.php, line 25]
2009-07-14 09:57:43 Notice: Notice (8): Undefined index:  Image in [APP/views/items/index.ctp, line 33]
2009-07-14 10:01:52 Notice: Notice (8): Undefined index:  Image in [APP/views/items/index.ctp, line 33]
2009-07-14 10:06:50 Notice: Notice (8): Undefined index:  Image in [APP/views/items/index.ctp, line 33]
2009-07-14 10:07:36 Notice: Notice (8): Undefined index:  Image in [APP/views/items/index.ctp, line 33]
2009-07-14 10:08:03 Notice: Notice (8): Undefined index:  Image in [APP/views/items/index.ctp, line 33]
2009-07-14 10:10:28 Notice: Notice (8): Undefined index:  Image in [APP/views/items/index.ctp, line 33]
2009-07-14 10:12:15 Notice: Notice (8): Undefined property: Item::$paginate in [APP/models/item.php, line 38]
2009-07-14 10:12:15 Notice: Notice (8): Trying to get property of non-object in [APP/models/item.php, line 38]
2009-07-14 10:12:53 Notice: Notice (8): Undefined property: Item::$paginate in [APP/models/item.php, line 38]
2009-07-14 10:12:53 Notice: Notice (8): Trying to get property of non-object in [APP/models/item.php, line 38]
2009-07-14 10:16:03 Notice: Notice (8): Undefined index:  Image in [APP/views/items/index.ctp, line 33]
2009-07-14 10:16:57 Notice: Notice (8): Undefined index:  Image in [APP/views/items/index.ctp, line 33]
2009-07-14 10:19:37 Notice: Notice (8): Undefined offset:  0 in [APP/views/helpers/image.php, line 11]
2009-07-14 10:25:57 Notice: Notice (8): Undefined index:  image_path in [APP/views/helpers/image.php, line 12]
2009-07-14 10:26:01 Notice: Notice (8): Undefined index:  image_path in [APP/views/helpers/image.php, line 12]
2009-07-14 10:26:04 Notice: Notice (8): Undefined index:  image_path in [APP/views/helpers/image.php, line 12]
2009-07-14 10:36:52 Notice: Notice (8): Undefined index:  Distance in [APP/views/items/index.ctp, line 55]
2009-07-14 10:36:54 Notice: Notice (8): Undefined index:  Distance in [APP/views/items/index.ctp, line 55]
2009-07-14 10:49:39 Notice: Notice (8): Undefined variable: orderClause in [APP/models/item.php, line 49]
2009-07-14 11:22:43 Notice: Notice (8): Undefined index:  Distance in [APP/views/items/index.ctp, line 55]
2009-07-14 11:23:22 Notice: Notice (8): Undefined index:  Distance in [APP/views/items/index.ctp, line 55]
2009-07-14 11:23:38 Notice: Notice (8): Undefined index:  Distance in [APP/views/items/index.ctp, line 55]
2009-07-14 12:38:57 Notice: Notice (8): Undefined index:  image_path in [APP/views/helpers/image.php, line 12]
2009-07-14 12:38:57 Notice: Notice (8): Undefined index:  Distance in [APP/views/items/index.ctp, line 55]
2009-07-14 12:40:41 Notice: Notice (8): Undefined index:  image_path in [APP/views/helpers/image.php, line 12]
2009-07-14 12:40:41 Notice: Notice (8): Undefined index:  Distance in [APP/views/items/index.ctp, line 55]
2009-07-14 12:43:01 Notice: Notice (8): Undefined index:  image_path in [APP/views/helpers/image.php, line 12]
2009-07-14 12:43:01 Notice: Notice (8): Undefined index:  Distance in [APP/views/items/index.ctp, line 55]
2009-07-14 12:44:19 Notice: Notice (8): Undefined index:  image_path in [APP/views/helpers/image.php, line 12]
2009-07-14 12:44:19 Notice: Notice (8): Undefined index:  Distance in [APP/views/items/index.ctp, line 55]
2009-07-14 12:44:56 Notice: Notice (8): Undefined index:  image_path in [APP/views/helpers/image.php, line 12]
2009-07-14 12:44:56 Notice: Notice (8): Undefined index:  Distance in [APP/views/items/index.ctp, line 55]
2009-07-14 12:45:33 Notice: Notice (8): Undefined index:  image_path in [APP/views/helpers/image.php, line 12]
2009-07-14 12:45:33 Notice: Notice (8): Undefined index:  Distance in [APP/views/items/index.ctp, line 55]
2009-07-14 12:46:28 Notice: Notice (8): Undefined index:  Distance in [APP/views/items/index.ctp, line 55]
2009-07-14 12:48:54 Notice: Notice (8): Undefined index:  Distance in [APP/views/items/index.ctp, line 55]
2009-07-14 12:52:33 Notice: Notice (8): Undefined index:  Image in [APP/views/items/index.ctp, line 34]
2009-07-14 12:52:33 Notice: Notice (8): Undefined index:  Distance in [APP/views/items/index.ctp, line 55]
2009-07-14 12:53:10 Notice: Notice (8): Undefined index:  Distance in [APP/views/items/index.ctp, line 55]
2009-07-14 12:53:33 Notice: Notice (8): Undefined index:  Distance in [APP/views/items/index.ctp, line 55]
2009-07-14 12:54:55 Notice: Notice (8): Undefined index:  Distance in [APP/views/items/index.ctp, line 55]
2009-07-14 13:01:25 Notice: Notice (8): Undefined index:  Distance in [APP/views/items/index.ctp, line 55]
2009-07-14 13:11:03 Notice: Notice (8): Undefined index:  Distance in [APP/views/items/index.ctp, line 55]
2009-07-14 13:18:24 Notice: Notice (8): Undefined index:  Distance in [APP/views/items/index.ctp, line 55]
2009-07-14 13:18:56 Notice: Notice (8): Undefined index:  Distance in [APP/views/items/index.ctp, line 55]
2009-07-14 13:20:14 Notice: Notice (8): Undefined index:  Distance in [APP/views/items/index.ctp, line 55]
2009-07-14 13:24:51 Notice: Notice (8): Undefined index:  User in [APP/models/item.php, line 55]
2009-07-14 13:24:51 Notice: Notice (8): Undefined property: Item::$Location in [APP/models/item.php, line 56]
2009-07-14 13:25:15 Notice: Notice (8): Undefined index:  Item in [APP/models/item.php, line 55]
2009-07-14 13:25:15 Notice: Notice (8): Undefined property: Item::$Location in [APP/models/item.php, line 56]
2009-07-14 13:25:28 Notice: Notice (8): Undefined index:  Item in [APP/models/item.php, line 56]
2009-07-14 13:25:28 Notice: Notice (8): Undefined property: Item::$Location in [APP/models/item.php, line 57]
2009-07-14 13:27:04 Notice: Notice (8): Undefined index:  Item in [APP/models/item.php, line 57]
2009-07-14 13:27:05 Notice: Notice (8): Undefined index:  Distance in [APP/views/items/index.ctp, line 55]
2009-07-14 13:27:24 Notice: Notice (8): Undefined index:  Distance in [APP/views/items/index.ctp, line 55]
2009-07-14 13:27:45 Notice: Notice (8): Undefined index:  Distance in [APP/views/items/index.ctp, line 55]
2009-07-14 13:30:47 Notice: Notice (8): Undefined variable: remoteUser in [APP/models/item.php, line 62]
2009-07-14 13:30:47 Notice: Notice (8): Undefined variable: remoteUser in [APP/models/item.php, line 66]
2009-07-14 13:30:47 Notice: Notice (8): Undefined index:  Distance in [APP/views/items/index.ctp, line 55]
2009-07-14 13:31:10 Notice: Notice (8): Undefined index:  remoteUser in [APP/models/item.php, line 62]
2009-07-14 13:31:10 Notice: Notice (8): Undefined index:  remoteUser in [APP/models/item.php, line 66]
2009-07-14 13:31:10 Notice: Notice (8): Undefined index:  Distance in [APP/views/items/index.ctp, line 55]
2009-07-14 13:33:32 Notice: Notice (8): Undefined index:  Distance in [APP/views/items/index.ctp, line 55]
2009-07-14 13:38:36 Notice: Notice (8): Undefined index:  Location in [APP/models/item.php, line 59]
2009-07-14 13:38:51 Notice: Notice (8): Undefined index:  Location in [APP/models/item.php, line 60]
2009-07-14 13:40:26 Notice: Notice (8): Undefined index:  Location in [APP/models/item.php, line 60]
2009-07-14 13:41:39 Notice: Notice (8): Undefined index:  Location in [APP/models/item.php, line 80]
2009-07-14 13:42:24 Notice: Notice (8): Undefined index:  Location in [APP/models/item.php, line 59]
2009-07-14 13:42:57 Notice: Notice (8): Undefined index:  Location in [APP/models/item.php, line 61]
2009-07-14 13:44:22 Notice: Notice (8): Undefined index:  Location in [APP/models/item.php, line 62]
2009-07-14 13:53:56 Notice: Notice (8): Undefined index:  Distance in [APP/views/items/index.ctp, line 55]
2009-07-14 13:54:30 Notice: Notice (8): Undefined index:  Distance in [APP/views/items/index.ctp, line 55]
2009-07-14 13:56:18 Notice: Notice (8): Undefined index:  Distance in [APP/models/item.php, line 82]
2009-07-14 13:57:32 Notice: Notice (8): Undefined index:  Distance in [APP/models/item.php, line 82]
2009-07-14 13:57:55 Notice: Notice (8): Undefined index:  Distance in [APP/models/item.php, line 83]
2009-07-14 13:59:23 Notice: Notice (8): Undefined index:  Distance in [APP/models/item.php, line 83]
2009-07-14 14:02:31 Notice: Notice (8): Undefined index:  Distance in [APP/models/item.php, line 84]
2009-07-14 14:02:54 Notice: Notice (8): Undefined index:  Distance in [APP/models/item.php, line 85]
2009-07-14 14:03:14 Notice: Notice (8): Undefined index:  Distance in [APP/models/item.php, line 85]
2009-07-14 14:03:36 Notice: Notice (8): Undefined index:  Distance in [APP/models/item.php, line 85]
2009-07-14 14:07:27 Notice: Notice (8): Undefined index:  Distance in [APP/models/item.php, line 85]
2009-07-14 14:08:09 Notice: Notice (8): Undefined index:  Distance in [APP/models/item.php, line 85]
2009-07-14 16:55:05 Notice: Notice (8): Undefined variable: distancePaginator in [APP/views/items/index.ctp, line 20]
2009-07-15 13:09:27 Notice: Notice (8): Undefined variable: configArray in [APP/views/layouts/default.ctp, line 29]
2009-07-15 13:09:27 Notice: Notice (8): Undefined variable: admin in [APP/views/layouts/default.ctp, line 51]
2009-07-15 13:09:28 Notice: Notice (8): Undefined variable: configArray in [APP/views/layouts/default.ctp, line 29]
2009-07-15 13:09:28 Notice: Notice (8): Undefined variable: admin in [APP/views/layouts/default.ctp, line 51]
2009-07-15 13:09:46 Notice: Notice (8): Undefined variable: configArray in [APP/views/layouts/default.ctp, line 29]
2009-07-15 13:09:46 Notice: Notice (8): Undefined variable: admin in [APP/views/layouts/default.ctp, line 51]
2009-07-15 13:13:46 Notice: Notice (8): Undefined index:  dist in [APP/models/item.php, line 63]
2009-07-15 14:21:19 Notice: Notice (8): Undefined variable: count in [APP/models/item.php, line 126]
2009-07-15 14:21:19 Notice: Notice (8): Undefined variable: count in [APP/models/item.php, line 127]
2009-07-15 15:00:13 Notice: Notice (8): Undefined offset:  0 in [APP/views/helpers/image.php, line 11]
2009-07-15 15:00:17 Notice: Notice (8): Undefined offset:  0 in [APP/views/helpers/image.php, line 11]
2009-07-15 15:35:41 Notice: Notice (8): Undefined offset:  0 in [APP/models/item.php, line 43]
2009-07-15 15:35:44 Notice: Notice (8): Undefined offset:  0 in [APP/models/item.php, line 43]
2009-07-15 15:35:45 Notice: Notice (8): Undefined offset:  0 in [APP/models/item.php, line 43]
2009-07-15 15:36:16 Notice: Notice (8): Undefined offset:  0 in [APP/models/item.php, line 44]
2009-07-15 15:36:27 Notice: Notice (8): Undefined variable: conditionsStr in [APP/models/item.php, line 56]
2009-07-15 17:26:16 Notice: Notice (8): Undefined index:  Distance in [APP/views/items/index.ctp, line 57]
2009-07-15 17:27:43 Notice: Notice (8): Undefined index:  Distance in [APP/views/items/index.ctp, line 57]
2009-07-15 17:30:25 Notice: Notice (8): Undefined index:  Distance in [APP/views/items/index.ctp, line 57]
2009-07-15 17:31:19 Notice: Notice (8): Undefined index:  Distance in [APP/views/items/index.ctp, line 57]
2009-07-15 17:35:30 Notice: Notice (8): Undefined index:  Distance in [APP/views/items/index.ctp, line 59]
2009-07-15 19:44:49 Notice: Notice (8): Undefined index:  image_path in [APP/views/helpers/image.php, line 12]
2009-07-15 19:45:05 Notice: Notice (8): Undefined index:  image_path in [APP/views/helpers/image.php, line 12]
2009-07-15 19:46:23 Notice: Notice (8): Undefined index:  image_path in [APP/views/helpers/image.php, line 12]
2009-07-15 20:18:21 Notice: Notice (8): Undefined offset:  0 in [APP/config/bootstrap.php, line 51]
2009-07-15 20:18:21 Notice: Notice (8): Undefined offset:  1 in [APP/config/bootstrap.php, line 51]
2009-07-15 20:18:56 Notice: Notice (8): Undefined offset:  0 in [APP/config/bootstrap.php, line 51]
2009-07-15 20:18:56 Notice: Notice (8): Undefined offset:  1 in [APP/config/bootstrap.php, line 51]
2009-07-15 20:19:07 Notice: Notice (8): Undefined offset:  0 in [APP/config/bootstrap.php, line 51]
2009-07-15 20:19:07 Notice: Notice (8): Undefined offset:  1 in [APP/config/bootstrap.php, line 51]
2009-07-15 20:19:31 Notice: Notice (8): Undefined offset:  0 in [APP/config/bootstrap.php, line 52]
2009-07-15 20:19:31 Notice: Notice (8): Undefined offset:  1 in [APP/config/bootstrap.php, line 52]
2009-07-17 10:40:38 Notice: Notice (8): Undefined variable: item in [APP/views/items/respond.ctp, line 5]
2009-07-17 10:40:38 Notice: Notice (8): Undefined variable: item in [APP/views/items/respond.ctp, line 6]
2009-07-17 10:46:56 Notice: Notice (8): Undefined variable: item in [APP/views/items/respond.ctp, line 5]
2009-07-17 10:46:56 Notice: Notice (8): Undefined variable: item in [APP/views/items/respond.ctp, line 6]
2009-07-17 10:49:33 Notice: Notice (8): Undefined variable: item in [APP/views/items/respond.ctp, line 5]
2009-07-17 10:49:33 Notice: Notice (8): Undefined variable: item in [APP/views/items/respond.ctp, line 6]
2009-07-17 10:52:40 Notice: Notice (8): Undefined index:  email in [APP/controllers/items_controller.php, line 59]
2009-07-17 10:52:40 Notice: Notice (8): Undefined variable: item in [APP/views/items/respond.ctp, line 5]
2009-07-17 10:52:41 Notice: Notice (8): Undefined variable: item in [APP/views/items/respond.ctp, line 6]
2009-07-17 10:54:02 Notice: Notice (8): Undefined variable: item in [APP/views/items/respond.ctp, line 5]
2009-07-17 10:54:02 Notice: Notice (8): Undefined variable: item in [APP/views/items/respond.ctp, line 6]
2009-07-17 10:58:54 Notice: Notice (8): Undefined variable: item in [APP/views/items/respond.ctp, line 5]
2009-07-17 10:58:54 Notice: Notice (8): Undefined variable: item in [APP/views/items/respond.ctp, line 6]
2009-07-17 11:13:23 Notice: Notice (8): Array to string conversion in [CORE/cake/libs/view/helper.php, line 330]
2009-07-17 11:13:23 Notice: Notice (8): Array to string conversion in [CORE/cake/libs/view/helpers/form.php, line 448]
2009-07-17 11:13:23 Notice: Notice (8): Array to string conversion in [CORE/cake/libs/view/helpers/form.php, line 453]
2009-07-17 11:13:23 Notice: Notice (8): Array to string conversion in [CORE/cake/libs/inflector.php, line 428]
2009-07-17 11:21:51 Notice: Notice (8): Undefined variable: notLoggedIn in [APP/views/items/respond.ctp, line 6]
2009-07-18 19:19:21 Notice: Notice (8): Undefined variable: form in [APP/views/pages/contact.ctp, line 8]
2009-07-18 19:20:40 Notice: Notice (8): Undefined variable: item in [APP/views/pages/contact.ctp, line 11]
2009-07-18 19:20:40 Notice: Notice (8): Undefined variable: notLoggedIn in [APP/views/pages/contact.ctp, line 12]
2009-07-18 19:20:40 Notice: Notice (8): Undefined variable: item in [APP/views/pages/contact.ctp, line 15]
2009-07-18 19:34:13 Notice: Notice (8): Undefined variable: item in [APP/views/pages/contact.ctp, line 11]
2009-07-18 19:34:13 Notice: Notice (8): Undefined variable: notLoggedIn in [APP/views/pages/contact.ctp, line 12]
2009-07-19 18:54:44 Notice: Notice (8): Undefined index:  name in [APP/controllers/items_controller.php, line 47]
2009-07-19 18:56:17 Notice: Notice (8): Undefined index:  name in [APP/controllers/items_controller.php, line 60]
2009-07-19 18:58:12 Notice: Notice (8): Undefined index:  email in [APP/controllers/pages_controller.php, line 125]
