2009-06-27 19:14:04 Warning: Warning (512): <span style = "color:Red;text-align:left"><b>SQL Error:</b> 1054: Unknown column 'RoleUser.role_id' in 'field list'</span> in [CORE/cake/libs/model/datasources/dbo_source.php, line 514]
2009-06-27 19:19:39 Warning: Warning (512): <span style = "color:Red;text-align:left"><b>SQL Error:</b> 1054: Unknown column 'RoleUser.role_id' in 'field list'</span> in [CORE/cake/libs/model/datasources/dbo_source.php, line 514]
2009-06-27 19:19:59 Warning: Warning (512): <span style = "color:Red;text-align:left"><b>SQL Error:</b> 1054: Unknown column 'RoleUser.role_id' in 'field list'</span> in [CORE/cake/libs/model/datasources/dbo_source.php, line 514]
2009-06-27 19:20:13 Warning: Warning (512): <span style = "color:Red;text-align:left"><b>SQL Error:</b> 1054: Unknown column 'RoleUser.role_id' in 'field list'</span> in [CORE/cake/libs/model/datasources/dbo_source.php, line 514]
2009-06-27 19:28:55 Warning: Warning (2): Cannot modify header information - headers already sent by (output started at /home/mmcadmin/public_html/cake/basics.php:111) in [CORE/cake/libs/controller/controller.php, line 615]
2009-06-27 19:33:17 Warning: Warning (2): Cannot modify header information - headers already sent by (output started at /home/mmcadmin/public_html/cake/basics.php:111) in [CORE/cake/libs/controller/controller.php, line 615]
2009-06-27 19:34:09 Warning: Warning (2): Cannot modify header information - headers already sent by (output started at /home/mmcadmin/public_html/cake/basics.php:111) in [CORE/cake/libs/controller/controller.php, line 615]
2009-06-27 19:36:00 Warning: Warning (2): Cannot modify header information - headers already sent by (output started at /home/mmcadmin/public_html/cake/basics.php:111) in [CORE/cake/libs/controller/controller.php, line 615]
2009-06-27 19:37:29 Warning: Warning (2): Cannot modify header information - headers already sent by (output started at /home/mmcadmin/public_html/cake/basics.php:111) in [CORE/cake/libs/controller/controller.php, line 615]
2009-06-27 19:55:21 Warning: Warning (512): <span style = "color:Red;text-align:left"><b>SQL Error:</b> 1054: Unknown column 'Item.created' in 'order clause'</span> in [CORE/cake/libs/model/datasources/dbo_source.php, line 514]
2009-06-27 19:55:21 Warning: Warning (2): Invalid argument supplied for foreach() in [APP/views/items/admin_index.ctp, line 20]
2009-06-27 19:55:21 Warning: Warning (512): <span style = "color:Red;text-align:left"><b>SQL Error:</b> 1054: Unknown column 'Item.created' in 'order clause'</span> in [CORE/cake/libs/model/datasources/dbo_source.php, line 514]
2009-06-27 19:55:21 Warning: Warning (2): Invalid argument supplied for foreach() in [APP/views/items/admin_index.ctp, line 20]
2009-06-27 19:55:22 Warning: Warning (512): <span style = "color:Red;text-align:left"><b>SQL Error:</b> 1054: Unknown column 'Item.created' in 'order clause'</span> in [CORE/cake/libs/model/datasources/dbo_source.php, line 514]
2009-06-27 19:55:22 Warning: Warning (2): Invalid argument supplied for foreach() in [APP/views/items/admin_index.ctp, line 20]
2009-06-27 19:55:25 Warning: Warning (512): <span style = "color:Red;text-align:left"><b>SQL Error:</b> 1054: Unknown column 'Item.created' in 'order clause'</span> in [CORE/cake/libs/model/datasources/dbo_source.php, line 514]
2009-06-27 19:55:25 Warning: Warning (2): Invalid argument supplied for foreach() in [APP/views/items/admin_index.ctp, line 20]
2009-06-29 21:45:41 Warning: Warning (2): unlink(/home/mmcadmin/public_html/app/tmp/cache/cake_core_core_paths) [<a href='http://php.net/function.unlink'>function.unlink</a>]: No such file or directory in [CORE/cake/libs/file.php, line 292]
2009-06-29 21:45:41 Warning: Warning (2): unlink(/home/mmcadmin/public_html/app/tmp/cache/cake_model_default_mmcadmin_mmc1_list) [<a href='http://php.net/function.unlink'>function.unlink</a>]: No such file or directory in [CORE/cake/libs/file.php, line 292]
2009-06-29 21:45:41 Warning: Warning (2): unlink(/home/mmcadmin/public_html/app/tmp/cache/cake_model_default_users) [<a href='http://php.net/function.unlink'>function.unlink</a>]: No such file or directory in [CORE/cake/libs/file.php, line 292]
2009-06-29 21:45:41 Warning: Warning (2): unlink(/home/mmcadmin/public_html/app/tmp/cache/cake_model_default_roles) [<a href='http://php.net/function.unlink'>function.unlink</a>]: No such file or directory in [CORE/cake/libs/file.php, line 292]
2009-06-29 21:45:41 Warning: Warning (2): unlink(/home/mmcadmin/public_html/app/tmp/cache/cake_model_default_images) [<a href='http://php.net/function.unlink'>function.unlink</a>]: No such file or directory in [CORE/cake/libs/file.php, line 292]
2009-07-12 18:24:20 Warning: Warning (512): <span style = "color:Red;text-align:left"><b>SQL Error:</b> 1054: Unknown column 'Location.user_id' in 'on clause'</span> in [CORE/cake/libs/model/datasources/dbo_source.php, line 514]
2009-07-12 18:24:20 Warning: Warning (512): <span style = "color:Red;text-align:left"><b>SQL Error:</b> 1054: Unknown column 'Array' in 'field list'</span> in [CORE/cake/libs/model/datasources/dbo_source.php, line 514]
2009-07-12 18:24:20 Warning: Warning (2): Cannot modify header information - headers already sent by (output started at /home/mmcadmin/public_html/cake/basics.php:111) in [CORE/cake/libs/controller/controller.php, line 615]
2009-07-12 18:28:19 Warning: Warning (512): <span style = "color:Red;text-align:left"><b>SQL Error:</b> 1054: Unknown column 'Location.user_id' in 'on clause'</span> in [CORE/cake/libs/model/datasources/dbo_source.php, line 514]
2009-07-12 18:28:19 Warning: Warning (512): <span style = "color:Red;text-align:left"><b>SQL Error:</b> 1054: Unknown column 'Array' in 'field list'</span> in [CORE/cake/libs/model/datasources/dbo_source.php, line 514]
2009-07-12 18:28:19 Warning: Warning (2): Cannot modify header information - headers already sent by (output started at /home/mmcadmin/public_html/cake/basics.php:111) in [CORE/cake/libs/controller/controller.php, line 615]
2009-07-12 18:30:49 Warning: Warning (512): <span style = "color:Red;text-align:left"><b>SQL Error:</b> 1054: Unknown column 'Location.user_id' in 'on clause'</span> in [CORE/cake/libs/model/datasources/dbo_source.php, line 514]
2009-07-12 18:30:49 Warning: Warning (512): <span style = "color:Red;text-align:left"><b>SQL Error:</b> 1054: Unknown column 'Array' in 'field list'</span> in [CORE/cake/libs/model/datasources/dbo_source.php, line 514]
2009-07-12 18:30:49 Warning: Warning (2): Cannot modify header information - headers already sent by (output started at /home/mmcadmin/public_html/cake/basics.php:111) in [CORE/cake/libs/controller/controller.php, line 615]
2009-07-12 18:33:13 Warning: Warning (512): <span style = "color:Red;text-align:left"><b>SQL Error:</b> 1054: Unknown column 'Location.user_id' in 'on clause'</span> in [CORE/cake/libs/model/datasources/dbo_source.php, line 514]
2009-07-12 18:33:13 Warning: Warning (512): <span style = "color:Red;text-align:left"><b>SQL Error:</b> 1054: Unknown column 'Array' in 'field list'</span> in [CORE/cake/libs/model/datasources/dbo_source.php, line 514]
2009-07-12 18:33:13 Warning: Warning (2): Cannot modify header information - headers already sent by (output started at /home/mmcadmin/public_html/cake/basics.php:111) in [CORE/cake/libs/controller/controller.php, line 615]
2009-07-12 18:34:15 Warning: Warning (512): <span style = "color:Red;text-align:left"><b>SQL Error:</b> 1054: Unknown column 'Location.user_id' in 'on clause'</span> in [CORE/cake/libs/model/datasources/dbo_source.php, line 514]
2009-07-12 18:34:15 Warning: Warning (512): <span style = "color:Red;text-align:left"><b>SQL Error:</b> 1054: Unknown column 'Array' in 'field list'</span> in [CORE/cake/libs/model/datasources/dbo_source.php, line 514]
2009-07-12 18:34:15 Warning: Warning (2): Cannot modify header information - headers already sent by (output started at /home/mmcadmin/public_html/cake/basics.php:111) in [CORE/cake/libs/controller/controller.php, line 615]
2009-07-12 18:38:35 Warning: Warning (512): <span style = "color:Red;text-align:left"><b>SQL Error:</b> 1054: Unknown column 'Location.user_id' in 'on clause'</span> in [CORE/cake/libs/model/datasources/dbo_source.php, line 514]
2009-07-12 18:38:36 Warning: Warning (2): Cannot modify header information - headers already sent by (output started at /home/mmcadmin/public_html/cake/basics.php:111) in [CORE/cake/libs/controller/controller.php, line 615]
2009-07-12 18:46:10 Warning: Warning (512): <span style = "color:Red;text-align:left"><b>SQL Error:</b> 1066: Not unique table/alias: 'Distance'</span> in [CORE/cake/libs/model/datasources/dbo_source.php, line 514]
2009-07-12 18:46:10 Warning: Warning (2): Cannot modify header information - headers already sent by (output started at /home/mmcadmin/public_html/cake/basics.php:111) in [CORE/cake/libs/controller/controller.php, line 615]
2009-07-12 20:30:47 Warning: Warning (512): <span style = "color:Red;text-align:left"><b>SQL Error:</b> 1048: Column 'location1_id' cannot be null</span> in [CORE/cake/libs/model/datasources/dbo_source.php, line 514]
2009-07-12 20:30:47 Warning: Warning (512): <span style = "color:Red;text-align:left"><b>SQL Error:</b> 1054: Unknown column 'Array' in 'field list'</span> in [CORE/cake/libs/model/datasources/dbo_source.php, line 514]
2009-07-12 20:30:47 Warning: Warning (2): Cannot modify header information - headers already sent by (output started at /home/mmcadmin/public_html/cake/basics.php:111) in [CORE/cake/libs/controller/controller.php, line 615]
2009-07-12 20:35:23 Warning: Warning (512): <span style = "color:Red;text-align:left"><b>SQL Error:</b> 1048: Column 'location1_id' cannot be null</span> in [CORE/cake/libs/model/datasources/dbo_source.php, line 514]
2009-07-12 20:35:23 Warning: Warning (512): <span style = "color:Red;text-align:left"><b>SQL Error:</b> 1054: Unknown column 'Array' in 'field list'</span> in [CORE/cake/libs/model/datasources/dbo_source.php, line 514]
2009-07-12 20:35:23 Warning: Warning (2): Cannot modify header information - headers already sent by (output started at /home/mmcadmin/public_html/cake/basics.php:111) in [CORE/cake/libs/controller/controller.php, line 615]
2009-07-12 20:41:46 Warning: Warning (512): <span style = "color:Red;text-align:left"><b>SQL Error:</b> 1054: Unknown column 'Array' in 'field list'</span> in [CORE/cake/libs/model/datasources/dbo_source.php, line 514]
2009-07-12 20:41:46 Warning: Warning (2): Cannot modify header information - headers already sent by (output started at /home/mmcadmin/public_html/cake/basics.php:111) in [CORE/cake/libs/controller/controller.php, line 615]
2009-07-12 22:01:35 Warning: Warning (512): <span style = "color:Red;text-align:left"><b>SQL Error:</b> 1048: Column 'location2_id' cannot be null</span> in [CORE/cake/libs/model/datasources/dbo_source.php, line 514]
2009-07-12 22:01:35 Warning: Warning (512): <span style = "color:Red;text-align:left"><b>SQL Error:</b> 1062: Duplicate entry 'matt.caldwell+mmc20@gmail.com' for key 2</span> in [CORE/cake/libs/model/datasources/dbo_source.php, line 514]
2009-07-12 22:01:35 Warning: Warning (2): Cannot modify header information - headers already sent by (output started at /home/mmcadmin/public_html/cake/basics.php:111) in [CORE/cake/libs/controller/controller.php, line 615]
2009-07-12 22:03:25 Warning: Warning (512): <span style = "color:Red;text-align:left"><b>SQL Error:</b> 1062: Duplicate entry 'matt.caldwell+mmc21@gmail.com' for key 2</span> in [CORE/cake/libs/model/datasources/dbo_source.php, line 514]
2009-07-12 22:03:25 Warning: Warning (2): Cannot modify header information - headers already sent by (output started at /home/mmcadmin/public_html/cake/basics.php:111) in [CORE/cake/libs/controller/controller.php, line 615]
2009-07-12 22:08:03 Warning: Warning (512): <span style = "color:Red;text-align:left"><b>SQL Error:</b> 1048: Column 'location2_id' cannot be null</span> in [CORE/cake/libs/model/datasources/dbo_source.php, line 514]
2009-07-12 22:08:03 Warning: Warning (2): Cannot modify header information - headers already sent by (output started at /home/mmcadmin/public_html/cake/basics.php:111) in [CORE/cake/libs/controller/controller.php, line 615]
2009-07-12 22:10:37 Warning: Warning (512): <span style = "color:Red;text-align:left"><b>SQL Error:</b> 1048: Column 'location2_id' cannot be null</span> in [CORE/cake/libs/model/datasources/dbo_source.php, line 514]
2009-07-12 22:10:37 Warning: Warning (2): Cannot modify header information - headers already sent by (output started at /home/mmcadmin/public_html/cake/basics.php:111) in [CORE/cake/libs/controller/controller.php, line 615]
2009-07-12 22:11:41 Warning: Warning (512): <span style = "color:Red;text-align:left"><b>SQL Error:</b> 1062: Duplicate entry '0' for key 1</span> in [CORE/cake/libs/model/datasources/dbo_source.php, line 514]
2009-07-12 22:11:41 Warning: Warning (2): Cannot modify header information - headers already sent by (output started at /home/mmcadmin/public_html/cake/basics.php:111) in [CORE/cake/libs/controller/controller.php, line 615]
2009-07-13 14:50:13 Warning: Warning (512): <span style = "color:Red;text-align:left"><b>SQL Error:</b> 1062: Duplicate entry '0' for key 1</span> in [CORE/cake/libs/model/datasources/dbo_source.php, line 514]
2009-07-13 14:50:13 Warning: Warning (2): Cannot modify header information - headers already sent by (output started at /home/mmcadmin/public_html/cake/basics.php:111) in [CORE/cake/libs/controller/controller.php, line 615]
2009-07-13 14:52:47 Warning: Warning (512): <span style = "color:Red;text-align:left"><b>SQL Error:</b> 1062: Duplicate entry '0' for key 1</span> in [CORE/cake/libs/model/datasources/dbo_source.php, line 514]
2009-07-13 14:52:47 Warning: Warning (2): Cannot modify header information - headers already sent by (output started at /home/mmcadmin/public_html/cake/basics.php:111) in [CORE/cake/libs/controller/controller.php, line 615]
2009-07-13 15:36:05 Warning: Warning (512): <span style = "color:Red;text-align:left"><b>SQL Error:</b> 1054: Unknown column 'Item.created' in 'order clause'</span> in [CORE/cake/libs/model/datasources/dbo_source.php, line 514]
2009-07-13 15:36:05 Warning: Warning (2): Invalid argument supplied for foreach() in [APP/views/items/admin_index.ctp, line 20]
2009-07-13 15:36:06 Warning: Warning (512): <span style = "color:Red;text-align:left"><b>SQL Error:</b> 1054: Unknown column 'Item.created' in 'order clause'</span> in [CORE/cake/libs/model/datasources/dbo_source.php, line 514]
2009-07-13 15:36:06 Warning: Warning (2): Invalid argument supplied for foreach() in [APP/views/items/admin_index.ctp, line 20]
2009-07-13 16:37:01 Warning: Warning (2): Cannot modify header information - headers already sent by (output started at /home/mmcadmin/public_html/cake/basics.php:312) in [CORE/cake/libs/controller/controller.php, line 615]
2009-07-13 16:41:57 Warning: Warning (2): Cannot modify header information - headers already sent by (output started at /home/mmcadmin/public_html/cake/basics.php:312) in [CORE/cake/libs/controller/controller.php, line 615]
2009-07-13 16:52:18 Warning: Warning (2): Cannot modify header information - headers already sent by (output started at /home/mmcadmin/public_html/cake/basics.php:312) in [CORE/cake/libs/controller/controller.php, line 615]
2009-07-13 16:53:07 Warning: Warning (2): Cannot modify header information - headers already sent by (output started at /home/mmcadmin/public_html/cake/basics.php:312) in [CORE/cake/libs/controller/controller.php, line 615]
2009-07-13 16:53:17 Warning: Warning (2): Cannot modify header information - headers already sent by (output started at /home/mmcadmin/public_html/cake/basics.php:312) in [CORE/cake/libs/controller/controller.php, line 615]
2009-07-13 16:53:32 Warning: Warning (2): Cannot modify header information - headers already sent by (output started at /home/mmcadmin/public_html/cake/basics.php:312) in [CORE/cake/libs/controller/controller.php, line 615]
2009-07-13 16:54:46 Warning: Warning (2): Cannot modify header information - headers already sent by (output started at /home/mmcadmin/public_html/cake/basics.php:312) in [CORE/cake/libs/controller/controller.php, line 615]
2009-07-13 16:55:48 Warning: Warning (2): Cannot modify header information - headers already sent by (output started at /home/mmcadmin/public_html/cake/basics.php:312) in [CORE/cake/libs/controller/controller.php, line 615]
2009-07-13 16:56:34 Warning: Warning (512): <span style = "color:Red;text-align:left"><b>SQL Error:</b> 1054: Unknown column 'User.role_id' in 'field list'</span> in [CORE/cake/libs/model/datasources/dbo_source.php, line 514]
2009-07-13 16:56:49 Warning: Warning (512): <span style = "color:Red;text-align:left"><b>SQL Error:</b> 1054: Unknown column 'Role.id' in 'field list'</span> in [CORE/cake/libs/model/datasources/dbo_source.php, line 514]
2009-07-13 16:57:22 Warning: Warning (2): Cannot modify header information - headers already sent by (output started at /home/mmcadmin/public_html/cake/basics.php:312) in [CORE/cake/libs/controller/controller.php, line 615]
2009-07-13 17:01:07 Warning: Warning (2): Cannot modify header information - headers already sent by (output started at /home/mmcadmin/public_html/cake/basics.php:312) in [CORE/cake/libs/controller/controller.php, line 615]
2009-07-13 17:01:56 Warning: Warning (2): Cannot modify header information - headers already sent by (output started at /home/mmcadmin/public_html/cake/basics.php:111) in [CORE/cake/libs/controller/controller.php, line 615]
2009-07-13 17:02:16 Warning: Warning (2): Cannot modify header information - headers already sent by (output started at /home/mmcadmin/public_html/cake/basics.php:111) in [CORE/cake/libs/controller/controller.php, line 615]
2009-07-13 17:02:34 Warning: Warning (2): Cannot modify header information - headers already sent by (output started at /home/mmcadmin/public_html/cake/basics.php:312) in [CORE/cake/libs/controller/controller.php, line 615]
2009-07-13 17:03:32 Warning: Warning (2): Cannot modify header information - headers already sent by (output started at /home/mmcadmin/public_html/cake/basics.php:312) in [CORE/cake/libs/controller/controller.php, line 615]
2009-07-13 22:02:28 Warning: Warning (2): unlink(/home/mmcadmin/public_html/app/tmp/cache/cake_core_core_paths) [<a href='http://php.net/function.unlink'>function.unlink</a>]: No such file or directory in [CORE/cake/libs/file.php, line 292]
2009-07-13 22:02:28 Warning: Warning (2): unlink(/home/mmcadmin/public_html/app/tmp/cache/cake_core_core_paths) [<a href='http://php.net/function.unlink'>function.unlink</a>]: No such file or directory in [CORE/cake/libs/file.php, line 292]
2009-07-13 22:04:01 Warning: Warning (2): unlink(/home/mmcadmin/public_html/app/tmp/cache/cake_core_core_paths) [<a href='http://php.net/function.unlink'>function.unlink</a>]: No such file or directory in [CORE/cake/libs/file.php, line 292]
2009-07-13 22:04:33 Warning: Warning (2): unlink(/home/mmcadmin/public_html/app/tmp/cache/cake_model_default_distances) [<a href='http://php.net/function.unlink'>function.unlink</a>]: No such file or directory in [CORE/cake/libs/file.php, line 292]
2009-07-13 23:07:44 Warning: Warning (512): <span style = "color:Red;text-align:left"><b>SQL Error:</b> 1054: Unknown column 'Item.created' in 'order clause'</span> in [CORE/cake/libs/model/datasources/dbo_source.php, line 514]
2009-07-13 23:07:45 Warning: Warning (2): Invalid argument supplied for foreach() in [APP/views/items/admin_index.ctp, line 20]
2009-07-14 09:22:13 Warning: Warning (512): <span style = "color:Red;text-align:left"><b>SQL Error:</b> 1064: You have an error in your SQL syntax; check the manual that corresponds to your MySQL server version for the right syntax to use near '' at line 1</span> in [CORE/cake/libs/model/datasources/dbo_source.php, line 514]
2009-07-14 09:30:53 Warning: Warning (512): <span style = "color:Red;text-align:left"><b>SQL Error:</b> 1064: You have an error in your SQL syntax; check the manual that corresponds to your MySQL server version for the right syntax to use near ') or (Distance.location2_id = User.location_id and Distance.location1_id = ) whe' at line 1</span> in [CORE/cake/libs/model/datasources/dbo_source.php, line 514]
2009-07-14 09:30:53 Warning: Warning (2): Invalid argument supplied for foreach() in [APP/views/items/index.ctp, line 24]
2009-07-14 09:33:39 Warning: Warning (512): <span style = "color:Red;text-align:left"><b>SQL Error:</b> 1064: You have an error in your SQL syntax; check the manual that corresponds to your MySQL server version for the right syntax to use near ') or (Distance.location2_id = User.location_id and Distance.location1_id = ) whe' at line 1</span> in [CORE/cake/libs/model/datasources/dbo_source.php, line 514]
2009-07-14 09:33:39 Warning: Warning (2): Invalid argument supplied for foreach() in [APP/views/items/index.ctp, line 24]
2009-07-14 09:49:37 Warning: Warning (512): <span style = "color:Red;text-align:left"><b>SQL Error:</b> 1064: You have an error in your SQL syntax; check the manual that corresponds to your MySQL server version for the right syntax to use near ') or (Distance.location2_id = User.location_id and Distance.location1_id = ) whe' at line 1</span> in [CORE/cake/libs/model/datasources/dbo_source.php, line 514]
2009-07-14 09:49:37 Warning: Warning (2): Invalid argument supplied for foreach() in [APP/views/items/index.ctp, line 24]
2009-07-14 09:50:52 Warning: Warning (512): <span style = "color:Red;text-align:left"><b>SQL Error:</b> 1064: You have an error in your SQL syntax; check the manual that corresponds to your MySQL server version for the right syntax to use near ') or (Distance.location2_id = User.location_id and Distance.location1_id = ) whe' at line 1</span> in [CORE/cake/libs/model/datasources/dbo_source.php, line 514]
2009-07-14 09:50:52 Warning: Warning (2): Invalid argument supplied for foreach() in [APP/views/items/index.ctp, line 24]
2009-07-14 09:51:59 Warning: Warning (512): <span style = "color:Red;text-align:left"><b>SQL Error:</b> 1064: You have an error in your SQL syntax; check the manual that corresponds to your MySQL server version for the right syntax to use near ') or (Distance.location2_id = User.location_id and Distance.location1_id = ) whe' at line 1</span> in [CORE/cake/libs/model/datasources/dbo_source.php, line 514]
2009-07-14 09:51:59 Warning: Warning (2): Invalid argument supplied for foreach() in [APP/views/items/index.ctp, line 24]
2009-07-14 09:58:57 Warning: Warning (512): <span style = "color:Red;text-align:left"><b>SQL Error:</b> 1064: You have an error in your SQL syntax; check the manual that corresponds to your MySQL server version for the right syntax to use near 'where 1 = 1 order by Item.created desc limit 10' at line 1</span> in [CORE/cake/libs/model/datasources/dbo_source.php, line 514]
2009-07-14 09:58:57 Warning: Warning (2): Invalid argument supplied for foreach() in [APP/views/items/index.ctp, line 24]
2009-07-14 10:00:10 Warning: Warning (512): <span style = "color:Red;text-align:left"><b>SQL Error:</b> 1064: You have an error in your SQL syntax; check the manual that corresponds to your MySQL server version for the right syntax to use near 'where 1 = 1 order by Item.created desc limit 10' at line 1</span> in [CORE/cake/libs/model/datasources/dbo_source.php, line 514]
2009-07-14 10:00:10 Warning: Warning (2): Invalid argument supplied for foreach() in [APP/views/items/index.ctp, line 24]
2009-07-14 10:12:15 Warning: Warning (512): <span style = "color:Red;text-align:left"><b>SQL Error:</b> 1064: You have an error in your SQL syntax; check the manual that corresponds to your MySQL server version for the right syntax to use near '' at line 1</span> in [CORE/cake/libs/model/datasources/dbo_source.php, line 514]
2009-07-14 10:12:15 Warning: Warning (2): Invalid argument supplied for foreach() in [APP/views/items/index.ctp, line 24]
2009-07-14 10:12:53 Warning: Warning (512): <span style = "color:Red;text-align:left"><b>SQL Error:</b> 1064: You have an error in your SQL syntax; check the manual that corresponds to your MySQL server version for the right syntax to use near '' at line 1</span> in [CORE/cake/libs/model/datasources/dbo_source.php, line 514]
2009-07-14 10:12:53 Warning: Warning (2): Invalid argument supplied for foreach() in [APP/views/items/index.ctp, line 24]
2009-07-14 10:48:18 Warning: Warning (512): <span style = "color:Red;text-align:left"><b>SQL Error:</b> 1064: You have an error in your SQL syntax; check the manual that corresponds to your MySQL server version for the right syntax to use near 'limit 20' at line 1</span> in [CORE/cake/libs/model/datasources/dbo_source.php, line 514]
2009-07-14 10:48:18 Warning: Warning (2): Invalid argument supplied for foreach() in [APP/views/items/index.ctp, line 25]
2009-07-14 10:54:27 Warning: Warning (2): Invalid argument supplied for foreach() in [APP/models/item.php, line 35]
2009-07-14 10:54:27 Warning: Warning (512): <span style = "color:Red;text-align:left"><b>SQL Error:</b> 1064: You have an error in your SQL syntax; check the manual that corresponds to your MySQL server version for the right syntax to use near 'bylimit 20' at line 1</span> in [CORE/cake/libs/model/datasources/dbo_source.php, line 514]
2009-07-14 10:54:27 Warning: Warning (2): Invalid argument supplied for foreach() in [APP/views/items/index.ctp, line 25]
2009-07-14 10:54:54 Warning: Warning (2): Invalid argument supplied for foreach() in [APP/models/item.php, line 36]
2009-07-14 10:54:54 Warning: Warning (512): <span style = "color:Red;text-align:left"><b>SQL Error:</b> 1064: You have an error in your SQL syntax; check the manual that corresponds to your MySQL server version for the right syntax to use near 'bylimit 20' at line 1</span> in [CORE/cake/libs/model/datasources/dbo_source.php, line 514]
2009-07-14 10:54:54 Warning: Warning (2): Invalid argument supplied for foreach() in [APP/views/items/index.ctp, line 25]
2009-07-14 10:59:08 Warning: Warning (512): <span style = "color:Red;text-align:left"><b>SQL Error:</b> 1064: You have an error in your SQL syntax; check the manual that corresponds to your MySQL server version for the right syntax to use near 'desclimit 20' at line 1</span> in [CORE/cake/libs/model/datasources/dbo_source.php, line 514]
2009-07-14 10:59:08 Warning: Warning (2): Invalid argument supplied for foreach() in [APP/views/items/index.ctp, line 25]
2009-07-14 11:24:30 Warning: Warning (512): <span style = "color:Red;text-align:left"><b>SQL Error:</b> 1064: You have an error in your SQL syntax; check the manual that corresponds to your MySQL server version for the right syntax to use near 'limit 2' at line 1</span> in [CORE/cake/libs/model/datasources/dbo_source.php, line 514]
2009-07-14 11:24:30 Warning: Warning (2): Invalid argument supplied for foreach() in [APP/views/items/index.ctp, line 25]
2009-07-14 11:24:30 Warning: Warning (512): <span style = "color:Red;text-align:left"><b>SQL Error:</b> 1064: You have an error in your SQL syntax; check the manual that corresponds to your MySQL server version for the right syntax to use near 'limit 2' at line 1</span> in [CORE/cake/libs/model/datasources/dbo_source.php, line 514]
2009-07-14 11:24:30 Warning: Warning (2): Invalid argument supplied for foreach() in [APP/views/items/index.ctp, line 25]
2009-07-14 11:25:14 Warning: Warning (512): <span style = "color:Red;text-align:left"><b>SQL Error:</b> 1064: You have an error in your SQL syntax; check the manual that corresponds to your MySQL server version for the right syntax to use near 'limit 2' at line 1</span> in [CORE/cake/libs/model/datasources/dbo_source.php, line 514]
2009-07-14 11:25:14 Warning: Warning (2): Invalid argument supplied for foreach() in [APP/views/items/index.ctp, line 25]
2009-07-14 11:26:08 Warning: Warning (512): <span style = "color:Red;text-align:left"><b>SQL Error:</b> 1064: You have an error in your SQL syntax; check the manual that corresponds to your MySQL server version for the right syntax to use near 'limit 2' at line 1</span> in [CORE/cake/libs/model/datasources/dbo_source.php, line 514]
2009-07-14 11:26:08 Warning: Warning (2): Invalid argument supplied for foreach() in [APP/views/items/index.ctp, line 25]
2009-07-14 12:02:36 Warning: Warning (512): <span style = "color:Red;text-align:left"><b>SQL Error:</b> 1054: Unknown column 'Image.image_path' in 'field list'</span> in [CORE/cake/libs/model/datasources/dbo_source.php, line 514]
2009-07-14 12:02:36 Warning: Warning (2): Invalid argument supplied for foreach() in [APP/views/items/index.ctp, line 25]
2009-07-14 12:03:27 Warning: Warning (512): <span style = "color:Red;text-align:left"><b>SQL Error:</b> 1054: Unknown column 'Image.image_path' in 'field list'</span> in [CORE/cake/libs/model/datasources/dbo_source.php, line 514]
2009-07-14 12:03:27 Warning: Warning (2): Invalid argument supplied for foreach() in [APP/views/items/index.ctp, line 25]
2009-07-14 12:03:54 Warning: Warning (512): <span style = "color:Red;text-align:left"><b>SQL Error:</b> 1054: Unknown column 'Image.image_path' in 'field list'</span> in [CORE/cake/libs/model/datasources/dbo_source.php, line 514]
2009-07-14 12:03:54 Warning: Warning (2): Invalid argument supplied for foreach() in [APP/views/items/index.ctp, line 25]
2009-07-14 12:04:42 Warning: Warning (512): <span style = "color:Red;text-align:left"><b>SQL Error:</b> 1054: Unknown column 'Image.image_path' in 'field list'</span> in [CORE/cake/libs/model/datasources/dbo_source.php, line 514]
2009-07-14 12:04:42 Warning: Warning (2): Invalid argument supplied for foreach() in [APP/views/items/index.ctp, line 25]
2009-07-14 12:04:56 Warning: Warning (512): <span style = "color:Red;text-align:left"><b>SQL Error:</b> 1054: Unknown column 'Image.image_path' in 'field list'</span> in [CORE/cake/libs/model/datasources/dbo_source.php, line 514]
2009-07-14 12:04:56 Warning: Warning (2): Invalid argument supplied for foreach() in [APP/views/items/index.ctp, line 25]
2009-07-14 12:05:26 Warning: Warning (512): <span style = "color:Red;text-align:left"><b>SQL Error:</b> 1054: Unknown column 'Image.image_path' in 'field list'</span> in [CORE/cake/libs/model/datasources/dbo_source.php, line 514]
2009-07-14 12:05:26 Warning: Warning (2): Invalid argument supplied for foreach() in [APP/views/items/index.ctp, line 25]
2009-07-14 12:05:59 Warning: Warning (512): <span style = "color:Red;text-align:left"><b>SQL Error:</b> 1054: Unknown column 'User.id' in 'field list'</span> in [CORE/cake/libs/model/datasources/dbo_source.php, line 514]
2009-07-14 12:05:59 Warning: Warning (2): Invalid argument supplied for foreach() in [APP/views/items/index.ctp, line 25]
2009-07-14 12:06:19 Warning: Warning (512): <span style = "color:Red;text-align:left"><b>SQL Error:</b> 1054: Unknown column 'Image.image_path' in 'field list'</span> in [CORE/cake/libs/model/datasources/dbo_source.php, line 514]
2009-07-14 12:06:19 Warning: Warning (2): Invalid argument supplied for foreach() in [APP/views/items/index.ctp, line 25]
2009-07-14 12:06:28 Warning: Warning (512): <span style = "color:Red;text-align:left"><b>SQL Error:</b> 1054: Unknown column 'Image.image_path' in 'field list'</span> in [CORE/cake/libs/model/datasources/dbo_source.php, line 514]
2009-07-14 12:06:28 Warning: Warning (2): Invalid argument supplied for foreach() in [APP/views/items/index.ctp, line 25]
2009-07-14 12:08:16 Warning: Warning (512): <span style = "color:Red;text-align:left"><b>SQL Error:</b> 1054: Unknown column 'Image.image_path' in 'field list'</span> in [CORE/cake/libs/model/datasources/dbo_source.php, line 514]
2009-07-14 12:08:16 Warning: Warning (2): Invalid argument supplied for foreach() in [APP/views/items/index.ctp, line 25]
2009-07-14 12:11:05 Warning: Warning (512): <span style = "color:Red;text-align:left"><b>SQL Error:</b> 1054: Unknown column 'Image.image_path' in 'field list'</span> in [CORE/cake/libs/model/datasources/dbo_source.php, line 514]
2009-07-14 12:11:06 Warning: Warning (2): Invalid argument supplied for foreach() in [APP/views/items/index.ctp, line 25]
2009-07-14 12:11:17 Warning: Warning (512): <span style = "color:Red;text-align:left"><b>SQL Error:</b> 1054: Unknown column 'Image.image_path' in 'field list'</span> in [CORE/cake/libs/model/datasources/dbo_source.php, line 514]
2009-07-14 12:11:17 Warning: Warning (2): Invalid argument supplied for foreach() in [APP/views/items/index.ctp, line 25]
2009-07-14 12:14:08 Warning: Warning (512): <span style = "color:Red;text-align:left"><b>SQL Error:</b> 1054: Unknown column 'Image.image_path' in 'field list'</span> in [CORE/cake/libs/model/datasources/dbo_source.php, line 514]
2009-07-14 12:14:08 Warning: Warning (2): Invalid argument supplied for foreach() in [APP/views/items/index.ctp, line 25]
2009-07-14 12:43:39 Warning: Warning (512): <span style = "color:Red;text-align:left"><b>SQL Error:</b> 1054: Unknown column 'Image.0' in 'field list'</span> in [CORE/cake/libs/model/datasources/dbo_source.php, line 514]
2009-07-14 12:43:39 Warning: Warning (2): Invalid argument supplied for foreach() in [APP/views/items/index.ctp, line 25]
2009-07-14 12:44:07 Warning: Warning (512): <span style = "color:Red;text-align:left"><b>SQL Error:</b> 1054: Unknown column 'Distance.distance' in 'field list'</span> in [CORE/cake/libs/model/datasources/dbo_source.php, line 514]
2009-07-14 12:44:07 Warning: Warning (2): Invalid argument supplied for foreach() in [APP/views/items/index.ctp, line 25]
2009-07-14 12:53:33 Warning: Warning (512): Model "Item" is not associated with model "Location" in [CORE/cake/libs/model/behaviors/containable.php, line 340]
2009-07-14 13:47:24 Warning: Warning (512): <span style = "color:Red;text-align:left"><b>SQL Error:</b> 1054: Unknown column 'Distance.distance' in 'order clause'</span> in [CORE/cake/libs/model/datasources/dbo_source.php, line 514]
2009-07-14 13:47:24 Warning: Warning (2): Invalid argument supplied for foreach() in [APP/models/item.php, line 49]
2009-07-14 13:47:24 Warning: Warning (2): Invalid argument supplied for foreach() in [APP/views/items/index.ctp, line 25]
2009-07-14 13:50:21 Warning: Warning (512): <span style = "color:Red;text-align:left"><b>SQL Error:</b> 1054: Unknown column 'Distance.distance' in 'order clause'</span> in [CORE/cake/libs/model/datasources/dbo_source.php, line 514]
2009-07-14 13:50:21 Warning: Warning (2): Invalid argument supplied for foreach() in [APP/models/item.php, line 55]
2009-07-14 13:50:21 Warning: Warning (2): Invalid argument supplied for foreach() in [APP/views/items/index.ctp, line 25]
2009-07-14 13:50:47 Warning: Warning (512): <span style = "color:Red;text-align:left"><b>SQL Error:</b> 1054: Unknown column 'Distance.distance' in 'order clause'</span> in [CORE/cake/libs/model/datasources/dbo_source.php, line 514]
2009-07-14 13:50:47 Warning: Warning (2): Invalid argument supplied for foreach() in [APP/models/item.php, line 55]
2009-07-14 13:50:47 Warning: Warning (2): Invalid argument supplied for foreach() in [APP/views/items/index.ctp, line 25]
2009-07-14 13:51:14 Warning: Warning (512): <span style = "color:Red;text-align:left"><b>SQL Error:</b> 1054: Unknown column 'Distance.distance' in 'order clause'</span> in [CORE/cake/libs/model/datasources/dbo_source.php, line 514]
2009-07-14 13:51:14 Warning: Warning (2): Invalid argument supplied for foreach() in [APP/models/item.php, line 55]
2009-07-14 13:51:14 Warning: Warning (2): Invalid argument supplied for foreach() in [APP/views/items/index.ctp, line 25]
2009-07-14 14:26:20 Warning: Warning (512): <span style = "color:Red;text-align:left"><b>SQL Error:</b> 1064: You have an error in your SQL syntax; check the manual that corresponds to your MySQL server version for the right syntax to use near 'getCoords' at line 1</span> in [CORE/cake/libs/model/datasources/dbo_source.php, line 514]
2009-07-14 14:26:20 Warning: Warning (2): Cannot modify header information - headers already sent by (output started at /home/mmcadmin/public_html/cake/basics.php:111) in [CORE/cake/libs/controller/controller.php, line 615]
2009-07-14 14:28:15 Warning: Warning (512): <span style = "color:Red;text-align:left"><b>SQL Error:</b> 1064: You have an error in your SQL syntax; check the manual that corresponds to your MySQL server version for the right syntax to use near 'getCoords' at line 1</span> in [CORE/cake/libs/model/datasources/dbo_source.php, line 514]
2009-07-14 14:28:15 Warning: Warning (2): Cannot modify header information - headers already sent by (output started at /home/mmcadmin/public_html/cake/basics.php:111) in [CORE/cake/libs/controller/controller.php, line 615]
2009-07-14 14:31:29 Warning: Warning (512): <span style = "color:Red;text-align:left"><b>SQL Error:</b> 1064: You have an error in your SQL syntax; check the manual that corresponds to your MySQL server version for the right syntax to use near 'getCoords' at line 1</span> in [CORE/cake/libs/model/datasources/dbo_source.php, line 514]
2009-07-14 14:31:29 Warning: Warning (2): Cannot modify header information - headers already sent by (output started at /home/mmcadmin/public_html/cake/basics.php:111) in [CORE/cake/libs/controller/controller.php, line 615]
2009-07-14 14:35:20 Warning: Warning (512): <span style = "color:Red;text-align:left"><b>SQL Error:</b> 1064: You have an error in your SQL syntax; check the manual that corresponds to your MySQL server version for the right syntax to use near 'getCoords' at line 1</span> in [CORE/cake/libs/model/datasources/dbo_source.php, line 514]
2009-07-14 14:35:20 Warning: Warning (2): Cannot modify header information - headers already sent by (output started at /home/mmcadmin/public_html/cake/basics.php:111) in [CORE/cake/libs/controller/controller.php, line 615]
2009-07-14 14:41:13 Warning: Warning (512): <span style = "color:Red;text-align:left"><b>SQL Error:</b> 1064: You have an error in your SQL syntax; check the manual that corresponds to your MySQL server version for the right syntax to use near 'getCoords2' at line 1</span> in [CORE/cake/libs/model/datasources/dbo_source.php, line 514]
2009-07-14 14:41:13 Warning: Warning (2): Cannot modify header information - headers already sent by (output started at /home/mmcadmin/public_html/cake/basics.php:111) in [CORE/cake/libs/controller/controller.php, line 615]
2009-07-14 14:42:06 Warning: Warning (512): <span style = "color:Red;text-align:left"><b>SQL Error:</b> 1064: You have an error in your SQL syntax; check the manual that corresponds to your MySQL server version for the right syntax to use near 'getCoords2' at line 1</span> in [CORE/cake/libs/model/datasources/dbo_source.php, line 514]
2009-07-14 14:42:06 Warning: Warning (2): Cannot modify header information - headers already sent by (output started at /home/mmcadmin/public_html/cake/basics.php:111) in [CORE/cake/libs/controller/controller.php, line 615]
2009-07-14 14:43:36 Warning: Warning (512): <span style = "color:Red;text-align:left"><b>SQL Error:</b> 1064: You have an error in your SQL syntax; check the manual that corresponds to your MySQL server version for the right syntax to use near 'calculateDistance' at line 1</span> in [CORE/cake/libs/model/datasources/dbo_source.php, line 514]
2009-07-14 14:43:36 Warning: Warning (2): Cannot modify header information - headers already sent by (output started at /home/mmcadmin/public_html/cake/basics.php:111) in [CORE/cake/libs/controller/controller.php, line 615]
2009-07-14 14:59:13 Warning: Warning (2): in_array() [<a href='http://php.net/function.in-array'>function.in-array</a>]: Wrong datatype for second argument in [APP/models/item.php, line 60]
2009-07-14 16:06:19 Warning: Warning (2): in_array() [<a href='http://php.net/function.in-array'>function.in-array</a>]: Wrong datatype for second argument in [APP/models/item.php, line 60]
2009-07-14 16:07:15 Warning: Warning (2): in_array() [<a href='http://php.net/function.in-array'>function.in-array</a>]: Wrong datatype for second argument in [APP/models/item.php, line 60]
2009-07-14 16:09:58 Warning: Warning (2): in_array() [<a href='http://php.net/function.in-array'>function.in-array</a>]: Wrong datatype for second argument in [APP/models/item.php, line 60]
2009-07-14 16:10:23 Warning: Warning (2): in_array() [<a href='http://php.net/function.in-array'>function.in-array</a>]: Wrong datatype for second argument in [APP/models/item.php, line 60]
2009-07-14 16:10:39 Warning: Warning (2): in_array() [<a href='http://php.net/function.in-array'>function.in-array</a>]: Wrong datatype for second argument in [APP/models/item.php, line 60]
2009-07-14 16:11:12 Warning: Warning (2): in_array() [<a href='http://php.net/function.in-array'>function.in-array</a>]: Wrong datatype for second argument in [APP/models/item.php, line 60]
2009-07-14 16:11:21 Warning: Warning (2): in_array() [<a href='http://php.net/function.in-array'>function.in-array</a>]: Wrong datatype for second argument in [APP/models/item.php, line 60]
2009-07-14 16:12:12 Warning: Warning (2): in_array() [<a href='http://php.net/function.in-array'>function.in-array</a>]: Wrong datatype for second argument in [APP/models/item.php, line 61]
2009-07-14 16:12:24 Warning: Warning (2): in_array() [<a href='http://php.net/function.in-array'>function.in-array</a>]: Wrong datatype for second argument in [APP/models/item.php, line 61]
2009-07-14 16:12:49 Warning: Warning (2): in_array() [<a href='http://php.net/function.in-array'>function.in-array</a>]: Wrong datatype for second argument in [APP/models/item.php, line 60]
2009-07-14 16:12:52 Warning: Warning (2): in_array() [<a href='http://php.net/function.in-array'>function.in-array</a>]: Wrong datatype for second argument in [APP/models/item.php, line 60]
2009-07-14 16:12:54 Warning: Warning (2): in_array() [<a href='http://php.net/function.in-array'>function.in-array</a>]: Wrong datatype for second argument in [APP/models/item.php, line 60]
2009-07-14 16:12:56 Warning: Warning (2): in_array() [<a href='http://php.net/function.in-array'>function.in-array</a>]: Wrong datatype for second argument in [APP/models/item.php, line 60]
2009-07-15 13:03:02 Warning: Warning (512): <span style = "color:Red;text-align:left"><b>SQL Error:</b> 1054: Unknown column 'distance' in 'order clause'</span> in [CORE/cake/libs/model/datasources/dbo_source.php, line 514]
2009-07-15 13:03:02 Warning: Warning (2): Invalid argument supplied for foreach() in [APP/models/item.php, line 77]
2009-07-15 13:03:03 Warning: Warning (2): Invalid argument supplied for foreach() in [APP/views/items/index.ctp, line 25]
2009-07-15 13:14:01 Warning: Warning (2): usort() [<a href='http://php.net/function.usort'>function.usort</a>]: Invalid comparison function in [APP/models/item.php, line 126]
2009-07-15 13:15:18 Warning: Warning (2): usort() [<a href='http://php.net/function.usort'>function.usort</a>]: Invalid comparison function in [APP/models/item.php, line 124]
2009-07-15 14:59:38 Warning: Warning (512): <span style = "color:Red;text-align:left"><b>SQL Error:</b> 1064: You have an error in your SQL syntax; check the manual that corresponds to your MySQL server version for the right syntax to use near 'and Distance.location2_id = User.location_id) or (Distance.location2_id =  and D' at line 1</span> in [CORE/cake/libs/model/datasources/dbo_source.php, line 514]
2009-07-15 14:59:38 Warning: Warning (2): Invalid argument supplied for foreach() in [APP/views/items/index.ctp, line 27]
2009-07-15 15:35:41 Warning: Warning (512): <span style = "color:Red;text-align:left"><b>SQL Error:</b> 1064: You have an error in your SQL syntax; check the manual that corresponds to your MySQL server version for the right syntax to use near '=  order by Distance.distance asc, Item.created desc limit 0,2' at line 1</span> in [CORE/cake/libs/model/datasources/dbo_source.php, line 514]
2009-07-15 15:35:41 Warning: Warning (2): Invalid argument supplied for foreach() in [APP/views/items/index.ctp, line 27]
2009-07-15 15:35:44 Warning: Warning (512): <span style = "color:Red;text-align:left"><b>SQL Error:</b> 1064: You have an error in your SQL syntax; check the manual that corresponds to your MySQL server version for the right syntax to use near '=  order by Distance.distance asc, Item.created desc limit 0,2' at line 1</span> in [CORE/cake/libs/model/datasources/dbo_source.php, line 514]
2009-07-15 15:35:44 Warning: Warning (2): Invalid argument supplied for foreach() in [APP/views/items/index.ctp, line 27]
2009-07-15 15:35:45 Warning: Warning (512): <span style = "color:Red;text-align:left"><b>SQL Error:</b> 1064: You have an error in your SQL syntax; check the manual that corresponds to your MySQL server version for the right syntax to use near '=  order by Distance.distance asc, Item.created desc limit 0,2' at line 1</span> in [CORE/cake/libs/model/datasources/dbo_source.php, line 514]
2009-07-15 15:35:45 Warning: Warning (2): Invalid argument supplied for foreach() in [APP/views/items/index.ctp, line 27]
2009-07-15 15:36:16 Warning: Warning (512): <span style = "color:Red;text-align:left"><b>SQL Error:</b> 1064: You have an error in your SQL syntax; check the manual that corresponds to your MySQL server version for the right syntax to use near '=  order by Distance.distance asc, Item.created desc limit 0,2' at line 1</span> in [CORE/cake/libs/model/datasources/dbo_source.php, line 514]
2009-07-15 15:36:16 Warning: Warning (2): Invalid argument supplied for foreach() in [APP/views/items/index.ctp, line 27]
2009-07-15 17:17:46 Warning: Warning (512): <span style = "color:Red;text-align:left"><b>SQL Error:</b> 1064: You have an error in your SQL syntax; check the manual that corresponds to your MySQL server version for the right syntax to use near 'and Distance.location2_id = User.location_id) or (Distance.location2_id =  and D' at line 1</span> in [CORE/cake/libs/model/datasources/dbo_source.php, line 514]
2009-07-15 17:17:46 Warning: Warning (2): Invalid argument supplied for foreach() in [APP/views/items/index.ctp, line 27]
2009-07-15 17:23:45 Warning: Warning (512): <span style = "color:Red;text-align:left"><b>SQL Error:</b> 1054: Unknown column 'Distance.distance' in 'order clause'</span> in [CORE/cake/libs/model/datasources/dbo_source.php, line 514]
2009-07-15 17:23:45 Warning: Warning (2): Invalid argument supplied for foreach() in [APP/views/items/index.ctp, line 27]
2009-07-15 17:24:15 Warning: Warning (512): <span style = "color:Red;text-align:left"><b>SQL Error:</b> 1064: You have an error in your SQL syntax; check the manual that corresponds to your MySQL server version for the right syntax to use near '.distance from items as Item left join users as User on (Item.user_id = User.id)' at line 1</span> in [CORE/cake/libs/model/datasources/dbo_source.php, line 514]
2009-07-15 17:24:15 Warning: Warning (2): Invalid argument supplied for foreach() in [APP/views/items/index.ctp, line 27]
2009-07-15 17:24:28 Warning: Warning (512): <span style = "color:Red;text-align:left"><b>SQL Error:</b> 1054: Unknown column 'Distance.distance' in 'order clause'</span> in [CORE/cake/libs/model/datasources/dbo_source.php, line 514]
2009-07-15 17:24:28 Warning: Warning (2): Invalid argument supplied for foreach() in [APP/views/items/index.ctp, line 27]
2009-07-15 19:47:59 Warning: Warning (512): <span style = "color:Red;text-align:left"><b>SQL Error:</b> 1064: You have an error in your SQL syntax; check the manual that corresponds to your MySQL server version for the right syntax to use near 'or = Array order by Distance.distance asc, Item.created desc limit 0,5' at line 1</span> in [CORE/cake/libs/model/datasources/dbo_source.php, line 514]
2009-07-15 19:48:00 Warning: Warning (2): Invalid argument supplied for foreach() in [APP/views/items/index.ctp, line 29]
2009-07-15 20:13:38 Warning: Warning (512): <span style = "color:Red;text-align:left"><b>SQL Error:</b> 1064: You have an error in your SQL syntax; check the manual that corresponds to your MySQL server version for the right syntax to use near 'order by Item.created desc limit 0,5' at line 1</span> in [CORE/cake/libs/model/datasources/dbo_source.php, line 514]
2009-07-15 20:13:38 Warning: Warning (2): Invalid argument supplied for foreach() in [APP/views/items/index.ctp, line 29]
2009-07-15 20:14:38 Warning: Warning (512): <span style = "color:Red;text-align:left"><b>SQL Error:</b> 1064: You have an error in your SQL syntax; check the manual that corresponds to your MySQL server version for the right syntax to use near 'order by Item.created desc limit 0,5' at line 1</span> in [CORE/cake/libs/model/datasources/dbo_source.php, line 514]
2009-07-15 20:14:38 Warning: Warning (2): Invalid argument supplied for foreach() in [APP/views/items/index.ctp, line 29]
2009-07-15 20:14:40 Warning: Warning (512): <span style = "color:Red;text-align:left"><b>SQL Error:</b> 1064: You have an error in your SQL syntax; check the manual that corresponds to your MySQL server version for the right syntax to use near 'order by Item.created desc limit 0,5' at line 1</span> in [CORE/cake/libs/model/datasources/dbo_source.php, line 514]
2009-07-15 20:14:40 Warning: Warning (2): Invalid argument supplied for foreach() in [APP/views/items/index.ctp, line 29]
2009-07-15 20:14:53 Warning: Warning (512): <span style = "color:Red;text-align:left"><b>SQL Error:</b> 1064: You have an error in your SQL syntax; check the manual that corresponds to your MySQL server version for the right syntax to use near 'order by Item.created desc limit 0,5' at line 1</span> in [CORE/cake/libs/model/datasources/dbo_source.php, line 514]
2009-07-15 20:14:53 Warning: Warning (2): Invalid argument supplied for foreach() in [APP/views/items/index.ctp, line 29]
2009-07-15 20:15:05 Warning: Warning (512): <span style = "color:Red;text-align:left"><b>SQL Error:</b> 1064: You have an error in your SQL syntax; check the manual that corresponds to your MySQL server version for the right syntax to use near 'order by Item.created desc limit 0,5' at line 1</span> in [CORE/cake/libs/model/datasources/dbo_source.php, line 514]
2009-07-15 20:15:05 Warning: Warning (2): Invalid argument supplied for foreach() in [APP/views/items/index.ctp, line 29]
2009-07-15 20:15:55 Warning: Warning (512): <span style = "color:Red;text-align:left"><b>SQL Error:</b> 1064: You have an error in your SQL syntax; check the manual that corresponds to your MySQL server version for the right syntax to use near 'order by Item.created desc limit 0,5' at line 1</span> in [CORE/cake/libs/model/datasources/dbo_source.php, line 514]
2009-07-15 20:15:55 Warning: Warning (2): Invalid argument supplied for foreach() in [APP/views/items/index.ctp, line 29]
2009-07-15 20:16:31 Warning: Warning (512): <span style = "color:Red;text-align:left"><b>SQL Error:</b> 1064: You have an error in your SQL syntax; check the manual that corresponds to your MySQL server version for the right syntax to use near 'order by Item.created desc limit 0,5' at line 1</span> in [CORE/cake/libs/model/datasources/dbo_source.php, line 514]
2009-07-15 20:16:32 Warning: Warning (2): Invalid argument supplied for foreach() in [APP/views/items/index.ctp, line 29]
2009-07-15 20:16:48 Warning: Warning (512): <span style = "color:Red;text-align:left"><b>SQL Error:</b> 1054: Unknown column 'Category.id1' in 'where clause'</span> in [CORE/cake/libs/model/datasources/dbo_source.php, line 514]
2009-07-15 20:16:48 Warning: Warning (2): Invalid argument supplied for foreach() in [APP/views/items/index.ctp, line 29]
2009-07-15 20:18:21 Warning: Warning (2): array_keys() [<a href='http://php.net/function.array-keys'>function.array-keys</a>]: The first argument should be an array in [APP/config/bootstrap.php, line 47]
2009-07-15 20:18:21 Warning: Warning (2): in_array() [<a href='http://php.net/function.in-array'>function.in-array</a>]: Wrong datatype for second argument in [APP/config/bootstrap.php, line 49]
2009-07-15 20:18:21 Warning: Warning (2): in_array() [<a href='http://php.net/function.in-array'>function.in-array</a>]: Wrong datatype for second argument in [APP/config/bootstrap.php, line 53]
2009-07-15 20:18:21 Warning: Warning (512): <span style = "color:Red;text-align:left"><b>SQL Error:</b> 1064: You have an error in your SQL syntax; check the manual that corresponds to your MySQL server version for the right syntax to use near 'or  order by Item.created desc limit 0,5' at line 1</span> in [CORE/cake/libs/model/datasources/dbo_source.php, line 514]
2009-07-15 20:18:21 Warning: Warning (2): Invalid argument supplied for foreach() in [APP/views/items/index.ctp, line 29]
2009-07-15 20:18:56 Warning: Warning (2): array_keys() [<a href='http://php.net/function.array-keys'>function.array-keys</a>]: The first argument should be an array in [APP/config/bootstrap.php, line 47]
2009-07-15 20:18:56 Warning: Warning (2): in_array() [<a href='http://php.net/function.in-array'>function.in-array</a>]: Wrong datatype for second argument in [APP/config/bootstrap.php, line 49]
2009-07-15 20:18:56 Warning: Warning (2): in_array() [<a href='http://php.net/function.in-array'>function.in-array</a>]: Wrong datatype for second argument in [APP/config/bootstrap.php, line 53]
2009-07-15 20:18:56 Warning: Warning (512): <span style = "color:Red;text-align:left"><b>SQL Error:</b> 1064: You have an error in your SQL syntax; check the manual that corresponds to your MySQL server version for the right syntax to use near 'or  order by Item.created desc limit 0,5' at line 1</span> in [CORE/cake/libs/model/datasources/dbo_source.php, line 514]
2009-07-15 20:18:56 Warning: Warning (2): Invalid argument supplied for foreach() in [APP/views/items/index.ctp, line 29]
2009-07-15 20:19:07 Warning: Warning (2): array_keys() [<a href='http://php.net/function.array-keys'>function.array-keys</a>]: The first argument should be an array in [APP/config/bootstrap.php, line 47]
2009-07-15 20:19:07 Warning: Warning (2): in_array() [<a href='http://php.net/function.in-array'>function.in-array</a>]: Wrong datatype for second argument in [APP/config/bootstrap.php, line 49]
2009-07-15 20:19:07 Warning: Warning (2): in_array() [<a href='http://php.net/function.in-array'>function.in-array</a>]: Wrong datatype for second argument in [APP/config/bootstrap.php, line 53]
2009-07-15 20:19:07 Warning: Warning (512): <span style = "color:Red;text-align:left"><b>SQL Error:</b> 1064: You have an error in your SQL syntax; check the manual that corresponds to your MySQL server version for the right syntax to use near 'or  order by Item.created desc limit 0,5' at line 1</span> in [CORE/cake/libs/model/datasources/dbo_source.php, line 514]
2009-07-15 20:19:07 Warning: Warning (2): Invalid argument supplied for foreach() in [APP/views/items/index.ctp, line 29]
2009-07-15 20:19:31 Warning: Warning (2): array_keys() [<a href='http://php.net/function.array-keys'>function.array-keys</a>]: The first argument should be an array in [APP/config/bootstrap.php, line 47]
2009-07-15 20:19:31 Warning: Warning (2): in_array() [<a href='http://php.net/function.in-array'>function.in-array</a>]: Wrong datatype for second argument in [APP/config/bootstrap.php, line 50]
2009-07-15 20:19:31 Warning: Warning (2): in_array() [<a href='http://php.net/function.in-array'>function.in-array</a>]: Wrong datatype for second argument in [APP/config/bootstrap.php, line 54]
2009-07-15 20:19:31 Warning: Warning (512): <span style = "color:Red;text-align:left"><b>SQL Error:</b> 1064: You have an error in your SQL syntax; check the manual that corresponds to your MySQL server version for the right syntax to use near 'or  order by Item.created desc limit 0,5' at line 1</span> in [CORE/cake/libs/model/datasources/dbo_source.php, line 514]
2009-07-15 20:19:31 Warning: Warning (2): Invalid argument supplied for foreach() in [APP/views/items/index.ctp, line 29]
2009-07-15 20:20:08 Warning: Warning (512): <span style = "color:Red;text-align:left"><b>SQL Error:</b> 1064: You have an error in your SQL syntax; check the manual that corresponds to your MySQL server version for the right syntax to use near '%test% or Item.description LIKE %test% order by Item.created desc limit 0,5' at line 1</span> in [CORE/cake/libs/model/datasources/dbo_source.php, line 514]
2009-07-15 20:20:08 Warning: Warning (2): Invalid argument supplied for foreach() in [APP/views/items/index.ctp, line 29]
2009-07-15 20:21:21 Warning: Warning (512): <span style = "color:Red;text-align:left"><b>SQL Error:</b> 1064: You have an error in your SQL syntax; check the manual that corresponds to your MySQL server version for the right syntax to use near '-5,5' at line 1</span> in [CORE/cake/libs/model/datasources/dbo_source.php, line 514]
2009-07-15 20:21:21 Warning: Warning (2): Invalid argument supplied for foreach() in [APP/views/items/index.ctp, line 29]
2009-07-15 20:21:51 Warning: Warning (512): <span style = "color:Red;text-align:left"><b>SQL Error:</b> 1064: You have an error in your SQL syntax; check the manual that corresponds to your MySQL server version for the right syntax to use near '-5,5' at line 1</span> in [CORE/cake/libs/model/datasources/dbo_source.php, line 514]
2009-07-15 20:21:51 Warning: Warning (2): Invalid argument supplied for foreach() in [APP/views/items/index.ctp, line 29]
2009-07-15 20:23:13 Warning: Warning (512): <span style = "color:Red;text-align:left"><b>SQL Error:</b> 1064: You have an error in your SQL syntax; check the manual that corresponds to your MySQL server version for the right syntax to use near '-5,5' at line 1</span> in [CORE/cake/libs/model/datasources/dbo_source.php, line 514]
2009-07-15 20:23:13 Warning: Warning (2): Invalid argument supplied for foreach() in [APP/views/items/index.ctp, line 29]
2009-07-15 20:26:12 Warning: Warning (512): <span style = "color:Red;text-align:left"><b>SQL Error:</b> 1064: You have an error in your SQL syntax; check the manual that corresponds to your MySQL server version for the right syntax to use near '%test% or Item.description LIKE %test% order by Item.created desc limit 0,5' at line 1</span> in [CORE/cake/libs/model/datasources/dbo_source.php, line 514]
2009-07-15 20:26:12 Warning: Warning (2): Invalid argument supplied for foreach() in [APP/views/items/index.ctp, line 29]
2009-07-17 11:04:10 Warning: Warning (2): Cannot modify header information - headers already sent by (output started at /home/mmcadmin/public_html/cake/basics.php:312) in [CORE/cake/libs/controller/controller.php, line 615]
2009-07-18 20:17:54 Warning: Warning (512): <span style = "color:Red;text-align:left"><b>SQL Error:</b> 1054: Unknown column 'favicon.ico' in 'where clause'</span> in [CORE/cake/libs/model/datasources/dbo_source.php, line 514]
2009-07-18 20:17:57 Warning: Warning (512): <span style = "color:Red;text-align:left"><b>SQL Error:</b> 1054: Unknown column 'favicon.ico' in 'where clause'</span> in [CORE/cake/libs/model/datasources/dbo_source.php, line 514]
2009-07-19 18:58:12 Warning: Warning (2): Cannot modify header information - headers already sent by (output started at /home/mmcadmin/public_html/cake/basics.php:111) in [CORE/cake/libs/controller/controller.php, line 615]
2009-07-19 19:01:16 Warning: Warning (512): <span style = "color:Red;text-align:left"><b>SQL Error:</b> 1054: Unknown column 'favicon.ico' in 'where clause'</span> in [CORE/cake/libs/model/datasources/dbo_source.php, line 514]
2009-07-19 19:01:17 Warning: Warning (512): <span style = "color:Red;text-align:left"><b>SQL Error:</b> 1054: Unknown column 'favicon.ico' in 'where clause'</span> in [CORE/cake/libs/model/datasources/dbo_source.php, line 514]
2009-07-19 21:57:39 Warning: Warning (2): Cannot modify header information - headers already sent by (output started at /home/mmcadmin/public_html/cake/basics.php:312) in [CORE/cake/libs/controller/controller.php, line 615]
2009-07-19 21:57:48 Warning: Warning (2): Cannot modify header information - headers already sent by (output started at /home/mmcadmin/public_html/cake/basics.php:312) in [CORE/cake/libs/controller/controller.php, line 615]
